<?xml version="1.0" encoding="UTF-8"?>
<!-- Generated by org.testng.reporters.JUnitReportReporter -->
<testsuite hostname="eulogik" failures="0" tests="2" name="TestCases.SdpAdminLogin" time="12.622" errors="0" timestamp="2023-05-08T16:29:18 IST" skipped="0">
  <testcase classname="TestCases.SdpAdminLogin" name="VerifyTitle" time="4.581"/>
  <system-out/>
  <testcase classname="TestCases.SdpAdminLogin" name="Login" time="8.041"/>
  <system-out/>
</testsuite> <!-- TestCases.SdpAdminLogin -->
