<?xml version="1.0" encoding="UTF-8"?>
<!-- Generated by org.testng.reporters.JUnitReportReporter -->
<testsuite hostname="eulogik" failures="0" tests="1" name="TestCases.FacultyApp_Login" time="9.897" errors="0" timestamp="2023-04-20T17:35:49 IST" skipped="0">
  <testcase classname="TestCases.FacultyApp_Login" name="Login" time="9.897"/>
  <system-out/>
</testsuite> <!-- TestCases.FacultyApp_Login -->
