<?xml version="1.0" encoding="UTF-8"?>
<!-- Generated by org.testng.reporters.JUnitReportReporter -->
<testsuite hostname="eulogik" failures="0" tests="1" name="BaseClass.FacultyWindow" time="35.070" errors="0" timestamp="2023-04-14T17:10:39 IST" skipped="0">
  <testcase classname="BaseClass.FacultyWindow" name="AddFaculty" time="35.070"/>
  <system-out/>
</testsuite> <!-- BaseClass.FacultyWindow -->
