<?xml version="1.0" encoding="UTF-8"?>
<!-- Generated by org.testng.reporters.JUnitReportReporter -->
<testsuite hostname="eulogik" failures="0" tests="1" name="BaseClass.ReportsWindow" time="53.053" errors="0" timestamp="2023-04-13T18:21:08 IST" skipped="0">
  <testcase classname="BaseClass.ReportsWindow" name="Reports" time="53.053"/>
  <system-out/>
</testsuite> <!-- BaseClass.ReportsWindow -->
