<?xml version="1.0" encoding="UTF-8"?>
<!-- Generated by org.testng.reporters.JUnitReportReporter -->
<testsuite hostname="eulogik" failures="0" tests="1" name="TestCases.FacultyAppLogin" time="3.421" errors="0" timestamp="2023-04-18T12:00:37 IST" skipped="0">
  <testcase classname="TestCases.FacultyAppLogin" name="FacultyLogin" time="3.421"/>
  <system-out/>
</testsuite> <!-- TestCases.FacultyAppLogin -->
